Flow report for Lab8
Wed Apr 26 12:39:55 2023
Quartus Prime Version 18.0.0 Build 614 04/24/2018 SJ Standard Edition


---------------------
; Table of Contents ;
---------------------
  1. Legal Notice
  2. Flow Summary
  3. Flow Settings
  4. Flow Non-Default Global Settings
  5. Flow Elapsed Time
  6. Flow OS Summary
  7. Flow Log
  8. Flow Messages
  9. Flow Suppressed Messages



----------------
; Legal Notice ;
----------------
Copyright (C) 2018  Intel Corporation. All rights reserved.
Your use of Intel Corporation's design tools, logic functions 
and other software and tools, and its AMPP partner logic 
functions, and any output files from any of the foregoing 
(including device programming or simulation files), and any 
associated documentation or information are expressly subject 
to the terms and conditions of the Intel Program License 
Subscription Agreement, the Intel Quartus Prime License Agreement,
the Intel FPGA IP License Agreement, or other applicable license
agreement, including, without limitation, that your use is for
the sole purpose of programming logic devices manufactured by
Intel and sold by Intel or its authorized distributors.  Please
refer to the applicable agreement for further details.



+--------------------------------------------------------------------------------------+
; Flow Summary                                                                         ;
+------------------------------------+-------------------------------------------------+
; Flow Status                        ; Successful - Wed Apr 26 12:39:55 2023           ;
; Quartus Prime Version              ; 18.0.0 Build 614 04/24/2018 SJ Standard Edition ;
; Revision Name                      ; Lab8                                            ;
; Top-level Entity Name              ; topLev                                          ;
; Family                             ; Cyclone IV E                                    ;
; Device                             ; EP4CE115F29C7                                   ;
; Timing Models                      ; Final                                           ;
; Total logic elements               ; 52 / 114,480 ( < 1 % )                          ;
;     Total combinational functions  ; 52 / 114,480 ( < 1 % )                          ;
;     Dedicated logic registers      ; 21 / 114,480 ( < 1 % )                          ;
; Total registers                    ; 21                                              ;
; Total pins                         ; 70 / 529 ( 13 % )                               ;
; Total virtual pins                 ; 0                                               ;
; Total memory bits                  ; 0 / 3,981,312 ( 0 % )                           ;
; Embedded Multiplier 9-bit elements ; 0 / 532 ( 0 % )                                 ;
; Total PLLs                         ; 0 / 4 ( 0 % )                                   ;
+------------------------------------+-------------------------------------------------+


+-----------------------------------------+
; Flow Settings                           ;
+-------------------+---------------------+
; Option            ; Setting             ;
+-------------------+---------------------+
; Start date & time ; 04/26/2023 12:37:47 ;
; Main task         ; Compilation         ;
; Revision Name     ; Lab8                ;
+-------------------+---------------------+


+-------------------------------------------------------------------------------------------------------------------------+
; Flow Non-Default Global Settings                                                                                        ;
+-------------------------------------+----------------------------------------+---------------+-------------+------------+
; Assignment Name                     ; Value                                  ; Default Value ; Entity Name ; Section Id ;
+-------------------------------------+----------------------------------------+---------------+-------------+------------+
; COMPILER_SIGNATURE_ID               ; 88623634762105.168254146703076         ; --            ; --          ; --         ;
; MAX_CORE_JUNCTION_TEMP              ; 85                                     ; --            ; --          ; --         ;
; MIN_CORE_JUNCTION_TEMP              ; 0                                      ; --            ; --          ; --         ;
; NOMINAL_CORE_SUPPLY_VOLTAGE         ; 1.2V                                   ; --            ; --          ; --         ;
; PARTITION_COLOR                     ; -- (Not supported for targeted family) ; --            ; topLev      ; Top        ;
; PARTITION_FITTER_PRESERVATION_LEVEL ; -- (Not supported for targeted family) ; --            ; topLev      ; Top        ;
; PARTITION_NETLIST_TYPE              ; -- (Not supported for targeted family) ; --            ; topLev      ; Top        ;
; POWER_BOARD_THERMAL_MODEL           ; None (CONSERVATIVE)                    ; --            ; --          ; --         ;
; POWER_PRESET_COOLING_SOLUTION       ; 23 MM HEAT SINK WITH 200 LFPM AIRFLOW  ; --            ; --          ; --         ;
; PROJECT_OUTPUT_DIRECTORY            ; output_files                           ; --            ; --          ; --         ;
; TOP_LEVEL_ENTITY                    ; topLev                                 ; Lab8          ; --          ; --         ;
+-------------------------------------+----------------------------------------+---------------+-------------+------------+


+--------------------------------------------------------------------------------------------------------------------------+
; Flow Elapsed Time                                                                                                        ;
+----------------------+--------------+-------------------------+---------------------+------------------------------------+
; Module Name          ; Elapsed Time ; Average Processors Used ; Peak Virtual Memory ; Total CPU Time (on all processors) ;
+----------------------+--------------+-------------------------+---------------------+------------------------------------+
; Analysis & Synthesis ; 00:00:10     ; 1.0                     ; 4799 MB             ; 00:00:20                           ;
; Fitter               ; 00:00:13     ; 1.0                     ; 5744 MB             ; 00:00:19                           ;
; Assembler            ; 00:00:03     ; 1.0                     ; 4682 MB             ; 00:00:03                           ;
; Timing Analyzer      ; 00:00:02     ; 1.0                     ; 4843 MB             ; 00:00:02                           ;
; EDA Netlist Writer   ; 00:00:01     ; 1.0                     ; 4633 MB             ; 00:00:01                           ;
; EDA Netlist Writer   ; 00:00:01     ; 1.0                     ; 4642 MB             ; 00:00:01                           ;
; Total                ; 00:00:30     ; --                      ; --                  ; 00:00:46                           ;
+----------------------+--------------+-------------------------+---------------------+------------------------------------+


+------------------------------------------------------------------------------------+
; Flow OS Summary                                                                    ;
+----------------------+------------------+------------+------------+----------------+
; Module Name          ; Machine Hostname ; OS Name    ; OS Version ; Processor type ;
+----------------------+------------------+------------+------------+----------------+
; Analysis & Synthesis ; CEM-DIGILAB-8    ; Windows 10 ; 10.0       ; x86_64         ;
; Fitter               ; CEM-DIGILAB-8    ; Windows 10 ; 10.0       ; x86_64         ;
; Assembler            ; CEM-DIGILAB-8    ; Windows 10 ; 10.0       ; x86_64         ;
; Timing Analyzer      ; CEM-DIGILAB-8    ; Windows 10 ; 10.0       ; x86_64         ;
; EDA Netlist Writer   ; CEM-DIGILAB-8    ; Windows 10 ; 10.0       ; x86_64         ;
; EDA Netlist Writer   ; CEM-DIGILAB-8    ; Windows 10 ; 10.0       ; x86_64         ;
+----------------------+------------------+------------+------------+----------------+


------------
; Flow Log ;
------------
quartus_map --read_settings_files=on --write_settings_files=off Lab8 -c Lab8
quartus_fit --read_settings_files=off --write_settings_files=off Lab8 -c Lab8
quartus_asm --read_settings_files=off --write_settings_files=off Lab8 -c Lab8
quartus_sta Lab8 -c Lab8
quartus_eda --gen_testbench --tool=modelsim_oem --format=vhdl --write_settings_files=off Lab8 -c Lab8 --vector_source="D:/Users/lmjacklin/Documents/GitHub/EE443/Lab 8/LAb8_vhdl/Waveform11.vwf" --testbench_file="D:/Users/lmjacklin/Documents/GitHub/EE443/Lab 8/LAb8_vhdl/simulation/qsim/Waveform11.vwf.vht"
quartus_eda --write_settings_files=off --simulation=on --functional=on --flatten_buses=off --tool=modelsim_oem --format=vhdl --output_directory="D:/Users/lmjacklin/Documents/GitHub/EE443/Lab 8/LAb8_vhdl/simulation/qsim/" Lab8 -c Lab8



