Analysis & Synthesis report for Lab7_AllComp
Tue Apr 11 14:13:05 2023
Quartus Prime Version 18.0.0 Build 614 04/24/2018 SJ Standard Edition


---------------------
; Table of Contents ;
---------------------
  1. Legal Notice
  2. Analysis & Synthesis Summary
  3. Analysis & Synthesis Settings
  4. Parallel Compilation
  5. Analysis & Synthesis Messages



----------------
; Legal Notice ;
----------------
Copyright (C) 2018  Intel Corporation. All rights reserved.
Your use of Intel Corporation's design tools, logic functions 
and other software and tools, and its AMPP partner logic 
functions, and any output files from any of the foregoing 
(including device programming or simulation files), and any 
associated documentation or information are expressly subject 
to the terms and conditions of the Intel Program License 
Subscription Agreement, the Intel Quartus Prime License Agreement,
the Intel FPGA IP License Agreement, or other applicable license
agreement, including, without limitation, that your use is for
the sole purpose of programming logic devices manufactured by
Intel and sold by Intel or its authorized distributors.  Please
refer to the applicable agreement for further details.



+--------------------------------------------------------------------------------------+
; Analysis & Synthesis Summary                                                         ;
+------------------------------------+-------------------------------------------------+
; Analysis & Synthesis Status        ; Failed - Tue Apr 11 14:13:05 2023               ;
; Quartus Prime Version              ; 18.0.0 Build 614 04/24/2018 SJ Standard Edition ;
; Revision Name                      ; Lab7_AllComp                                    ;
; Top-level Entity Name              ; DATA_MEM                                        ;
; Family                             ; Cyclone IV E                                    ;
; Total logic elements               ; N/A until Partition Merge                       ;
;     Total combinational functions  ; N/A until Partition Merge                       ;
;     Dedicated logic registers      ; N/A until Partition Merge                       ;
; Total registers                    ; N/A until Partition Merge                       ;
; Total pins                         ; N/A until Partition Merge                       ;
; Total virtual pins                 ; N/A until Partition Merge                       ;
; Total memory bits                  ; N/A until Partition Merge                       ;
; Embedded Multiplier 9-bit elements ; N/A until Partition Merge                       ;
; Total PLLs                         ; N/A until Partition Merge                       ;
+------------------------------------+-------------------------------------------------+


+------------------------------------------------------------------------------------------------------------+
; Analysis & Synthesis Settings                                                                              ;
+------------------------------------------------------------------+--------------------+--------------------+
; Option                                                           ; Setting            ; Default Value      ;
+------------------------------------------------------------------+--------------------+--------------------+
; Device                                                           ; EP4CE115F29C7      ;                    ;
; Top-level entity name                                            ; DATA_MEM           ; Lab7_AllComp       ;
; Family name                                                      ; Cyclone IV E       ; Cyclone V          ;
; Use smart compilation                                            ; Off                ; Off                ;
; Enable parallel Assembler and Timing Analyzer during compilation ; On                 ; On                 ;
; Enable compact report table                                      ; Off                ; Off                ;
; Restructure Multiplexers                                         ; Auto               ; Auto               ;
; Create Debugging Nodes for IP Cores                              ; Off                ; Off                ;
; Preserve fewer node names                                        ; On                 ; On                 ;
; Intel FPGA IP Evaluation Mode                                    ; Enable             ; Enable             ;
; Verilog Version                                                  ; Verilog_2001       ; Verilog_2001       ;
; VHDL Version                                                     ; VHDL_1993          ; VHDL_1993          ;
; State Machine Processing                                         ; Auto               ; Auto               ;
; Safe State Machine                                               ; Off                ; Off                ;
; Extract Verilog State Machines                                   ; On                 ; On                 ;
; Extract VHDL State Machines                                      ; On                 ; On                 ;
; Ignore Verilog initial constructs                                ; Off                ; Off                ;
; Iteration limit for constant Verilog loops                       ; 5000               ; 5000               ;
; Iteration limit for non-constant Verilog loops                   ; 250                ; 250                ;
; Add Pass-Through Logic to Inferred RAMs                          ; On                 ; On                 ;
; Infer RAMs from Raw Logic                                        ; On                 ; On                 ;
; Parallel Synthesis                                               ; On                 ; On                 ;
; DSP Block Balancing                                              ; Auto               ; Auto               ;
; NOT Gate Push-Back                                               ; On                 ; On                 ;
; Power-Up Don't Care                                              ; On                 ; On                 ;
; Remove Redundant Logic Cells                                     ; Off                ; Off                ;
; Remove Duplicate Registers                                       ; On                 ; On                 ;
; Ignore CARRY Buffers                                             ; Off                ; Off                ;
; Ignore CASCADE Buffers                                           ; Off                ; Off                ;
; Ignore GLOBAL Buffers                                            ; Off                ; Off                ;
; Ignore ROW GLOBAL Buffers                                        ; Off                ; Off                ;
; Ignore LCELL Buffers                                             ; Off                ; Off                ;
; Ignore SOFT Buffers                                              ; On                 ; On                 ;
; Limit AHDL Integers to 32 Bits                                   ; Off                ; Off                ;
; Optimization Technique                                           ; Balanced           ; Balanced           ;
; Carry Chain Length                                               ; 70                 ; 70                 ;
; Auto Carry Chains                                                ; On                 ; On                 ;
; Auto Open-Drain Pins                                             ; On                 ; On                 ;
; Perform WYSIWYG Primitive Resynthesis                            ; Off                ; Off                ;
; Auto ROM Replacement                                             ; On                 ; On                 ;
; Auto RAM Replacement                                             ; On                 ; On                 ;
; Auto DSP Block Replacement                                       ; On                 ; On                 ;
; Auto Shift Register Replacement                                  ; Auto               ; Auto               ;
; Allow Shift Register Merging across Hierarchies                  ; Auto               ; Auto               ;
; Auto Clock Enable Replacement                                    ; On                 ; On                 ;
; Strict RAM Replacement                                           ; Off                ; Off                ;
; Allow Synchronous Control Signals                                ; On                 ; On                 ;
; Force Use of Synchronous Clear Signals                           ; Off                ; Off                ;
; Auto RAM Block Balancing                                         ; On                 ; On                 ;
; Auto RAM to Logic Cell Conversion                                ; Off                ; Off                ;
; Auto Resource Sharing                                            ; Off                ; Off                ;
; Allow Any RAM Size For Recognition                               ; Off                ; Off                ;
; Allow Any ROM Size For Recognition                               ; Off                ; Off                ;
; Allow Any Shift Register Size For Recognition                    ; Off                ; Off                ;
; Use LogicLock Constraints during Resource Balancing              ; On                 ; On                 ;
; Ignore translate_off and synthesis_off directives                ; Off                ; Off                ;
; Timing-Driven Synthesis                                          ; On                 ; On                 ;
; Report Parameter Settings                                        ; On                 ; On                 ;
; Report Source Assignments                                        ; On                 ; On                 ;
; Report Connectivity Checks                                       ; On                 ; On                 ;
; Ignore Maximum Fan-Out Assignments                               ; Off                ; Off                ;
; Synchronization Register Chain Length                            ; 2                  ; 2                  ;
; Power Optimization During Synthesis                              ; Normal compilation ; Normal compilation ;
; HDL message level                                                ; Level2             ; Level2             ;
; Suppress Register Optimization Related Messages                  ; Off                ; Off                ;
; Number of Removed Registers Reported in Synthesis Report         ; 5000               ; 5000               ;
; Number of Swept Nodes Reported in Synthesis Report               ; 5000               ; 5000               ;
; Number of Inverted Registers Reported in Synthesis Report        ; 100                ; 100                ;
; Clock MUX Protection                                             ; On                 ; On                 ;
; Auto Gated Clock Conversion                                      ; Off                ; Off                ;
; Block Design Naming                                              ; Auto               ; Auto               ;
; SDC constraint protection                                        ; Off                ; Off                ;
; Synthesis Effort                                                 ; Auto               ; Auto               ;
; Shift Register Replacement - Allow Asynchronous Clear Signal     ; On                 ; On                 ;
; Pre-Mapping Resynthesis Optimization                             ; Off                ; Off                ;
; Analysis & Synthesis Message Level                               ; Medium             ; Medium             ;
; Disable Register Merging Across Hierarchies                      ; Auto               ; Auto               ;
; Resource Aware Inference For Block RAM                           ; On                 ; On                 ;
+------------------------------------------------------------------+--------------------+--------------------+


+------------------------------------------+
; Parallel Compilation                     ;
+----------------------------+-------------+
; Processors                 ; Number      ;
+----------------------------+-------------+
; Number detected on machine ; 8           ;
; Maximum allowed            ; 4           ;
;                            ;             ;
; Average used               ; 1.00        ;
; Maximum used               ; 1           ;
;                            ;             ;
; Usage by Processor         ; % Time Used ;
;     Processor 1            ; 100.0%      ;
+----------------------------+-------------+


+-------------------------------+
; Analysis & Synthesis Messages ;
+-------------------------------+
Info: *******************************************************************
Info: Running Quartus Prime Analysis & Synthesis
    Info: Version 18.0.0 Build 614 04/24/2018 SJ Standard Edition
    Info: Processing started: Tue Apr 11 14:12:55 2023
Info: Command: quartus_map --read_settings_files=on --write_settings_files=off Lab7_AllComp -c Lab7_AllComp
Warning (18236): Number of processors has not been specified which may cause overloading on shared machines.  Set the global assignment NUM_PARALLEL_PROCESSORS in your QSF to an appropriate value for best performance.
Info (20030): Parallel compilation is enabled and will use 4 of the 4 processors detected
Info (12021): Found 2 design units, including 1 entities, in source file data_mem.vhd
    Info (12022): Found design unit 1: DATA_MEM-DATA_BEHAVIOR File: D:/Users/lmjacklin/Documents/GitHub/EE443/Lab 7/DATA_MEM.vhd Line: 15
    Info (12023): Found entity 1: DATA_MEM File: D:/Users/lmjacklin/Documents/GitHub/EE443/Lab 7/DATA_MEM.vhd Line: 9
Info (12021): Found 2 design units, including 1 entities, in source file reg8.vhd
    Info (12022): Found design unit 1: REG8-REG8_BEHAVIORAL File: D:/Users/lmjacklin/Documents/GitHub/EE443/Lab 7/REG8.vhd Line: 20
    Info (12023): Found entity 1: REG8 File: D:/Users/lmjacklin/Documents/GitHub/EE443/Lab 7/REG8.vhd Line: 10
Info (12021): Found 2 design units, including 1 entities, in source file shlone.vhd
    Info (12022): Found design unit 1: SHLONE-SHLONE_BEHAVIOR File: D:/Users/lmjacklin/Documents/GitHub/EE443/Lab 7/SHLONE.vhd Line: 15
    Info (12023): Found entity 1: SHLONE File: D:/Users/lmjacklin/Documents/GitHub/EE443/Lab 7/SHLONE.vhd Line: 9
Info (12021): Found 2 design units, including 1 entities, in source file sgnext6x16.vhd
    Info (12022): Found design unit 1: SGNEXT6x16-SGN_BEHAVIOR File: D:/Users/lmjacklin/Documents/GitHub/EE443/Lab 7/SGNEXT6X16.vhd Line: 16
    Info (12023): Found entity 1: SGNEXT6x16 File: D:/Users/lmjacklin/Documents/GitHub/EE443/Lab 7/SGNEXT6X16.vhd Line: 10
Info (12021): Found 2 design units, including 1 entities, in source file reg16.vhd
    Info (12022): Found design unit 1: REG16-REG16_BEHAVIORAL File: D:/Users/lmjacklin/Documents/GitHub/EE443/Lab 7/REG16.vhd Line: 17
    Info (12023): Found entity 1: REG16 File: D:/Users/lmjacklin/Documents/GitHub/EE443/Lab 7/REG16.vhd Line: 10
Info (12021): Found 2 design units, including 1 entities, in source file reg8x16.vhd
    Info (12022): Found design unit 1: REG8x16-REG8x16_BEHAVIORAL File: D:/Users/lmjacklin/Documents/GitHub/EE443/Lab 7/REG8x16.vhd Line: 17
    Info (12023): Found entity 1: REG8x16 File: D:/Users/lmjacklin/Documents/GitHub/EE443/Lab 7/REG8x16.vhd Line: 10
Info (12021): Found 2 design units, including 1 entities, in source file pinv4.vhd
    Info (12022): Found design unit 1: PINV4-PINV4_BEHAVIORAL File: D:/Users/lmjacklin/Documents/GitHub/EE443/Lab 7/PINV4.vhd Line: 17
    Info (12023): Found entity 1: PINV4 File: D:/Users/lmjacklin/Documents/GitHub/EE443/Lab 7/PINV4.vhd Line: 10
Info (12021): Found 2 design units, including 1 entities, in source file mux8x16.vhd
    Info (12022): Found design unit 1: MUX8x16-MUX8x16_BEHAVIORAL File: D:/Users/lmjacklin/Documents/GitHub/EE443/Lab 7/MUX8x16.vhd Line: 16
    Info (12023): Found entity 1: MUX8x16 File: D:/Users/lmjacklin/Documents/GitHub/EE443/Lab 7/MUX8x16.vhd Line: 10
Info (12021): Found 2 design units, including 1 entities, in source file mux4x4.vhd
    Info (12022): Found design unit 1: MUX4x4-MUX4x4_BEHAVIORAL File: D:/Users/lmjacklin/Documents/GitHub/EE443/Lab 7/Mux4x4.vhd Line: 16
    Info (12023): Found entity 1: MUX4x4 File: D:/Users/lmjacklin/Documents/GitHub/EE443/Lab 7/Mux4x4.vhd Line: 10
Info (12021): Found 2 design units, including 1 entities, in source file mux3x16.vhd
    Info (12022): Found design unit 1: mux3x16-behavior File: D:/Users/lmjacklin/Documents/GitHub/EE443/Lab 7/MUX3x16.vhd Line: 19
    Info (12023): Found entity 1: mux3x16 File: D:/Users/lmjacklin/Documents/GitHub/EE443/Lab 7/MUX3x16.vhd Line: 9
Info (12021): Found 2 design units, including 1 entities, in source file inctwo.vhd
    Info (12022): Found design unit 1: INCTWO-INCTWO_BEHAVIOR File: D:/Users/lmjacklin/Documents/GitHub/EE443/Lab 7/INCTWO.vhd Line: 13
    Info (12023): Found entity 1: INCTWO File: D:/Users/lmjacklin/Documents/GitHub/EE443/Lab 7/INCTWO.vhd Line: 8
Info (12021): Found 2 design units, including 1 entities, in source file dcd5x32.vhd
    Info (12022): Found design unit 1: DCD5X32-DCD5X32_BEHAVIOR File: D:/Users/lmjacklin/Documents/GitHub/EE443/Lab 7/DCD5X32.vhd Line: 14
    Info (12023): Found entity 1: DCD5x32 File: D:/Users/lmjacklin/Documents/GitHub/EE443/Lab 7/DCD5X32.vhd Line: 9
Info (12021): Found 2 design units, including 1 entities, in source file dcd4x16.vhd
    Info (12022): Found design unit 1: DCD4X16-DCD_BEHAVIOR File: D:/Users/lmjacklin/Documents/GitHub/EE443/Lab 7/DCD4x16.vhd Line: 16
    Info (12023): Found entity 1: DCD4X16 File: D:/Users/lmjacklin/Documents/GitHub/EE443/Lab 7/DCD4x16.vhd Line: 9
Info (12021): Found 2 design units, including 1 entities, in source file dcd3x8.vhd
    Info (12022): Found design unit 1: DCD3x8-DCD3x8_BEHAVIORAL File: D:/Users/lmjacklin/Documents/GitHub/EE443/Lab 7/DCD3x8.vhd Line: 16
    Info (12023): Found entity 1: DCD3x8 File: D:/Users/lmjacklin/Documents/GitHub/EE443/Lab 7/DCD3x8.vhd Line: 10
Info (12021): Found 2 design units, including 1 entities, in source file bwor4.vhd
    Info (12022): Found design unit 1: BWOR4-BWOR4_BEHAVIORAL File: D:/Users/lmjacklin/Documents/GitHub/EE443/Lab 7/BWOR4.vhd Line: 16
    Info (12023): Found entity 1: BWOR4 File: D:/Users/lmjacklin/Documents/GitHub/EE443/Lab 7/BWOR4.vhd Line: 10
Info (12021): Found 2 design units, including 1 entities, in source file bwand4.vhd
    Info (12022): Found design unit 1: BWAND4-BWAND4_BEHAVIORAL File: D:/Users/lmjacklin/Documents/GitHub/EE443/Lab 7/BWAND4.vhd Line: 17
    Info (12023): Found entity 1: BWAND4 File: D:/Users/lmjacklin/Documents/GitHub/EE443/Lab 7/BWAND4.vhd Line: 11
Info (12021): Found 2 design units, including 1 entities, in source file alu16.vhd
    Info (12022): Found design unit 1: ALU16-ALU16_BEHAVIOR File: D:/Users/lmjacklin/Documents/GitHub/EE443/Lab 7/ALU16.vhd Line: 18
    Info (12023): Found entity 1: ALU16 File: D:/Users/lmjacklin/Documents/GitHub/EE443/Lab 7/ALU16.vhd Line: 10
Info (12021): Found 2 design units, including 1 entities, in source file alu4.vhd
    Info (12022): Found design unit 1: ALU4-ALU4_BEHAVIOR File: D:/Users/lmjacklin/Documents/GitHub/EE443/Lab 7/ALU4.vhd Line: 19
    Info (12023): Found entity 1: ALU4 File: D:/Users/lmjacklin/Documents/GitHub/EE443/Lab 7/ALU4.vhd Line: 10
Info (12021): Found 2 design units, including 1 entities, in source file add16.vhd
    Info (12022): Found design unit 1: ADD16-ADD16_BEHAVIOR File: D:/Users/lmjacklin/Documents/GitHub/EE443/Lab 7/ADD16.vhd Line: 15
    Info (12023): Found entity 1: ADD16 File: D:/Users/lmjacklin/Documents/GitHub/EE443/Lab 7/ADD16.vhd Line: 8
Info (12021): Found 2 design units, including 1 entities, in source file add4.vhd
    Info (12022): Found design unit 1: ADD4-ADD4_BEHAVIORAL File: D:/Users/lmjacklin/Documents/GitHub/EE443/Lab 7/ADD4.vhd Line: 17
    Info (12023): Found entity 1: ADD4 File: D:/Users/lmjacklin/Documents/GitHub/EE443/Lab 7/ADD4.vhd Line: 10
Info (12021): Found 2 design units, including 1 entities, in source file mux2x16.vhd
    Info (12022): Found design unit 1: MUX2X16-MUX2X16_BEHAVIOR File: D:/Users/lmjacklin/Documents/GitHub/EE443/Lab 7/MUX2X16.vhd Line: 15
    Info (12023): Found entity 1: MUX2X16 File: D:/Users/lmjacklin/Documents/GitHub/EE443/Lab 7/MUX2X16.vhd Line: 9
Info (12021): Found 2 design units, including 1 entities, in source file mux2x3.vhd
    Info (12022): Found design unit 1: MUX2X3-MUX2X3_BEHAVIOR File: D:/Users/lmjacklin/Documents/GitHub/EE443/Lab 7/MUX2X3.vhd Line: 15
    Info (12023): Found entity 1: MUX2X3 File: D:/Users/lmjacklin/Documents/GitHub/EE443/Lab 7/MUX2X3.vhd Line: 9
Info (12021): Found 2 design units, including 1 entities, in source file pcjmp.vhd
    Info (12022): Found design unit 1: PCJMP-PCJMP_BEHAVIOR File: D:/Users/lmjacklin/Documents/GitHub/EE443/Lab 7/PCJMP.vhd Line: 15
    Info (12023): Found entity 1: PCJMP File: D:/Users/lmjacklin/Documents/GitHub/EE443/Lab 7/PCJMP.vhd Line: 9
Info (12127): Elaborating entity "DATA_MEM" for the top level hierarchy
Error (10344): VHDL expression error at DATA_MEM.vhd(50): expression has 8 elements, but must have 16 elements File: D:/Users/lmjacklin/Documents/GitHub/EE443/Lab 7/DATA_MEM.vhd Line: 50
Error (10344): VHDL expression error at DATA_MEM.vhd(51): expression has 8 elements, but must have 16 elements File: D:/Users/lmjacklin/Documents/GitHub/EE443/Lab 7/DATA_MEM.vhd Line: 51
Error (12153): Can't elaborate top-level user hierarchy
Error: Quartus Prime Analysis & Synthesis was unsuccessful. 3 errors, 2 warnings
    Error: Peak virtual memory: 4782 megabytes
    Error: Processing ended: Tue Apr 11 14:13:05 2023
    Error: Elapsed time: 00:00:10
    Error: Total CPU time (on all processors): 00:00:21


