Analysis & Synthesis report for Lab4
Tue Feb 21 17:45:18 2023
Quartus Prime Version 18.0.0 Build 614 04/24/2018 SJ Standard Edition


---------------------
; Table of Contents ;
---------------------
  1. Legal Notice
  2. Analysis & Synthesis Summary
  3. Analysis & Synthesis Settings
  4. Parallel Compilation
  5. Analysis & Synthesis Source Files Read
  6. Analysis & Synthesis Resource Usage Summary
  7. Analysis & Synthesis Resource Utilization by Entity
  8. General Register Statistics
  9. Multiplexer Restructuring Statistics (Restructuring Performed)
 10. Port Connectivity Checks: "MUX4x4:G12"
 11. Port Connectivity Checks: "MUX4x4:G11"
 12. Port Connectivity Checks: "MUX4x4:G10"
 13. Port Connectivity Checks: "MUX4x4:G9"
 14. Post-Synthesis Netlist Statistics for Top Partition
 15. Elapsed Time Per Partition
 16. Analysis & Synthesis Messages



----------------
; Legal Notice ;
----------------
Copyright (C) 2018  Intel Corporation. All rights reserved.
Your use of Intel Corporation's design tools, logic functions 
and other software and tools, and its AMPP partner logic 
functions, and any output files from any of the foregoing 
(including device programming or simulation files), and any 
associated documentation or information are expressly subject 
to the terms and conditions of the Intel Program License 
Subscription Agreement, the Intel Quartus Prime License Agreement,
the Intel FPGA IP License Agreement, or other applicable license
agreement, including, without limitation, that your use is for
the sole purpose of programming logic devices manufactured by
Intel and sold by Intel or its authorized distributors.  Please
refer to the applicable agreement for further details.



+--------------------------------------------------------------------------------------+
; Analysis & Synthesis Summary                                                         ;
+------------------------------------+-------------------------------------------------+
; Analysis & Synthesis Status        ; Successful - Tue Feb 21 17:45:18 2023           ;
; Quartus Prime Version              ; 18.0.0 Build 614 04/24/2018 SJ Standard Edition ;
; Revision Name                      ; Lab4                                            ;
; Top-level Entity Name              ; MUX8x16                                         ;
; Family                             ; Cyclone IV E                                    ;
; Total logic elements               ; 48                                              ;
;     Total combinational functions  ; 48                                              ;
;     Dedicated logic registers      ; 0                                               ;
; Total registers                    ; 0                                               ;
; Total pins                         ; 147                                             ;
; Total virtual pins                 ; 0                                               ;
; Total memory bits                  ; 0                                               ;
; Embedded Multiplier 9-bit elements ; 0                                               ;
; Total PLLs                         ; 0                                               ;
+------------------------------------+-------------------------------------------------+


+------------------------------------------------------------------------------------------------------------+
; Analysis & Synthesis Settings                                                                              ;
+------------------------------------------------------------------+--------------------+--------------------+
; Option                                                           ; Setting            ; Default Value      ;
+------------------------------------------------------------------+--------------------+--------------------+
; Device                                                           ; EP4CE115F29C7      ;                    ;
; Top-level entity name                                            ; MUX8x16            ; Lab4               ;
; Family name                                                      ; Cyclone IV E       ; Cyclone V          ;
; Use smart compilation                                            ; Off                ; Off                ;
; Enable parallel Assembler and Timing Analyzer during compilation ; On                 ; On                 ;
; Enable compact report table                                      ; Off                ; Off                ;
; Restructure Multiplexers                                         ; Auto               ; Auto               ;
; Create Debugging Nodes for IP Cores                              ; Off                ; Off                ;
; Preserve fewer node names                                        ; On                 ; On                 ;
; Intel FPGA IP Evaluation Mode                                    ; Enable             ; Enable             ;
; Verilog Version                                                  ; Verilog_2001       ; Verilog_2001       ;
; VHDL Version                                                     ; VHDL_1993          ; VHDL_1993          ;
; State Machine Processing                                         ; Auto               ; Auto               ;
; Safe State Machine                                               ; Off                ; Off                ;
; Extract Verilog State Machines                                   ; On                 ; On                 ;
; Extract VHDL State Machines                                      ; On                 ; On                 ;
; Ignore Verilog initial constructs                                ; Off                ; Off                ;
; Iteration limit for constant Verilog loops                       ; 5000               ; 5000               ;
; Iteration limit for non-constant Verilog loops                   ; 250                ; 250                ;
; Add Pass-Through Logic to Inferred RAMs                          ; On                 ; On                 ;
; Infer RAMs from Raw Logic                                        ; On                 ; On                 ;
; Parallel Synthesis                                               ; On                 ; On                 ;
; DSP Block Balancing                                              ; Auto               ; Auto               ;
; NOT Gate Push-Back                                               ; On                 ; On                 ;
; Power-Up Don't Care                                              ; On                 ; On                 ;
; Remove Redundant Logic Cells                                     ; Off                ; Off                ;
; Remove Duplicate Registers                                       ; On                 ; On                 ;
; Ignore CARRY Buffers                                             ; Off                ; Off                ;
; Ignore CASCADE Buffers                                           ; Off                ; Off                ;
; Ignore GLOBAL Buffers                                            ; Off                ; Off                ;
; Ignore ROW GLOBAL Buffers                                        ; Off                ; Off                ;
; Ignore LCELL Buffers                                             ; Off                ; Off                ;
; Ignore SOFT Buffers                                              ; On                 ; On                 ;
; Limit AHDL Integers to 32 Bits                                   ; Off                ; Off                ;
; Optimization Technique                                           ; Balanced           ; Balanced           ;
; Carry Chain Length                                               ; 70                 ; 70                 ;
; Auto Carry Chains                                                ; On                 ; On                 ;
; Auto Open-Drain Pins                                             ; On                 ; On                 ;
; Perform WYSIWYG Primitive Resynthesis                            ; Off                ; Off                ;
; Auto ROM Replacement                                             ; On                 ; On                 ;
; Auto RAM Replacement                                             ; On                 ; On                 ;
; Auto DSP Block Replacement                                       ; On                 ; On                 ;
; Auto Shift Register Replacement                                  ; Auto               ; Auto               ;
; Allow Shift Register Merging across Hierarchies                  ; Auto               ; Auto               ;
; Auto Clock Enable Replacement                                    ; On                 ; On                 ;
; Strict RAM Replacement                                           ; Off                ; Off                ;
; Allow Synchronous Control Signals                                ; On                 ; On                 ;
; Force Use of Synchronous Clear Signals                           ; Off                ; Off                ;
; Auto RAM Block Balancing                                         ; On                 ; On                 ;
; Auto RAM to Logic Cell Conversion                                ; Off                ; Off                ;
; Auto Resource Sharing                                            ; Off                ; Off                ;
; Allow Any RAM Size For Recognition                               ; Off                ; Off                ;
; Allow Any ROM Size For Recognition                               ; Off                ; Off                ;
; Allow Any Shift Register Size For Recognition                    ; Off                ; Off                ;
; Use LogicLock Constraints during Resource Balancing              ; On                 ; On                 ;
; Ignore translate_off and synthesis_off directives                ; Off                ; Off                ;
; Timing-Driven Synthesis                                          ; On                 ; On                 ;
; Report Parameter Settings                                        ; On                 ; On                 ;
; Report Source Assignments                                        ; On                 ; On                 ;
; Report Connectivity Checks                                       ; On                 ; On                 ;
; Ignore Maximum Fan-Out Assignments                               ; Off                ; Off                ;
; Synchronization Register Chain Length                            ; 2                  ; 2                  ;
; Power Optimization During Synthesis                              ; Normal compilation ; Normal compilation ;
; HDL message level                                                ; Level2             ; Level2             ;
; Suppress Register Optimization Related Messages                  ; Off                ; Off                ;
; Number of Removed Registers Reported in Synthesis Report         ; 5000               ; 5000               ;
; Number of Swept Nodes Reported in Synthesis Report               ; 5000               ; 5000               ;
; Number of Inverted Registers Reported in Synthesis Report        ; 100                ; 100                ;
; Clock MUX Protection                                             ; On                 ; On                 ;
; Auto Gated Clock Conversion                                      ; Off                ; Off                ;
; Block Design Naming                                              ; Auto               ; Auto               ;
; SDC constraint protection                                        ; Off                ; Off                ;
; Synthesis Effort                                                 ; Auto               ; Auto               ;
; Shift Register Replacement - Allow Asynchronous Clear Signal     ; On                 ; On                 ;
; Pre-Mapping Resynthesis Optimization                             ; Off                ; Off                ;
; Analysis & Synthesis Message Level                               ; Medium             ; Medium             ;
; Disable Register Merging Across Hierarchies                      ; Auto               ; Auto               ;
; Resource Aware Inference For Block RAM                           ; On                 ; On                 ;
+------------------------------------------------------------------+--------------------+--------------------+


+------------------------------------------+
; Parallel Compilation                     ;
+----------------------------+-------------+
; Processors                 ; Number      ;
+----------------------------+-------------+
; Number detected on machine ; 8           ;
; Maximum allowed            ; 4           ;
;                            ;             ;
; Average used               ; 1.00        ;
; Maximum used               ; 1           ;
;                            ;             ;
; Usage by Processor         ; % Time Used ;
;     Processor 1            ; 100.0%      ;
+----------------------------+-------------+


+----------------------------------------------------------------------------------------------------------------------------------------------+
; Analysis & Synthesis Source Files Read                                                                                                       ;
+----------------------------------+-----------------+-----------------+-------------------------------------------------------------+---------+
; File Name with User-Entered Path ; Used in Netlist ; File Type       ; File Name with Absolute Path                                ; Library ;
+----------------------------------+-----------------+-----------------+-------------------------------------------------------------+---------+
; Mux4x4.vhd                       ; yes             ; User VHDL File  ; D:/Users/lmjacklin/Documents/GitHub/EE443/Lab 4/Mux4x4.vhd  ;         ;
; MUX8x16.vhd                      ; yes             ; User VHDL File  ; D:/Users/lmjacklin/Documents/GitHub/EE443/Lab 4/MUX8x16.vhd ;         ;
+----------------------------------+-----------------+-----------------+-------------------------------------------------------------+---------+


+-------------------------------------------------------------+
; Analysis & Synthesis Resource Usage Summary                 ;
+---------------------------------------------+---------------+
; Resource                                    ; Usage         ;
+---------------------------------------------+---------------+
; Estimated Total logic elements              ; 48            ;
;                                             ;               ;
; Total combinational functions               ; 48            ;
; Logic element usage by number of LUT inputs ;               ;
;     -- 4 input functions                    ; 32            ;
;     -- 3 input functions                    ; 0             ;
;     -- <=2 input functions                  ; 16            ;
;                                             ;               ;
; Logic elements by mode                      ;               ;
;     -- normal mode                          ; 48            ;
;     -- arithmetic mode                      ; 0             ;
;                                             ;               ;
; Total registers                             ; 0             ;
;     -- Dedicated logic registers            ; 0             ;
;     -- I/O registers                        ; 0             ;
;                                             ;               ;
; I/O pins                                    ; 147           ;
;                                             ;               ;
; Embedded Multiplier 9-bit elements          ; 0             ;
;                                             ;               ;
; Maximum fan-out node                        ; SGNL[1]~input ;
; Maximum fan-out                             ; 24            ;
; Total fan-out                               ; 323           ;
; Average fan-out                             ; 0.94          ;
+---------------------------------------------+---------------+


+----------------------------------------------------------------------------------------------------------------------------------------------------------------------------------------------------------+
; Analysis & Synthesis Resource Utilization by Entity                                                                                                                                                      ;
+----------------------------+---------------------+---------------------------+-------------+--------------+---------+-----------+------+--------------+---------------------+-------------+--------------+
; Compilation Hierarchy Node ; Combinational ALUTs ; Dedicated Logic Registers ; Memory Bits ; DSP Elements ; DSP 9x9 ; DSP 18x18 ; Pins ; Virtual Pins ; Full Hierarchy Name ; Entity Name ; Library Name ;
+----------------------------+---------------------+---------------------------+-------------+--------------+---------+-----------+------+--------------+---------------------+-------------+--------------+
; |MUX8x16                   ; 48 (0)              ; 0 (0)                     ; 0           ; 0            ; 0       ; 0         ; 147  ; 0            ; |MUX8x16            ; MUX8x16     ; work         ;
;    |MUX4x4:G10|            ; 12 (12)             ; 0 (0)                     ; 0           ; 0            ; 0       ; 0         ; 0    ; 0            ; |MUX8x16|MUX4x4:G10 ; MUX4x4      ; work         ;
;    |MUX4x4:G11|            ; 12 (12)             ; 0 (0)                     ; 0           ; 0            ; 0       ; 0         ; 0    ; 0            ; |MUX8x16|MUX4x4:G11 ; MUX4x4      ; work         ;
;    |MUX4x4:G12|            ; 12 (12)             ; 0 (0)                     ; 0           ; 0            ; 0       ; 0         ; 0    ; 0            ; |MUX8x16|MUX4x4:G12 ; MUX4x4      ; work         ;
;    |MUX4x4:G9|             ; 12 (12)             ; 0 (0)                     ; 0           ; 0            ; 0       ; 0         ; 0    ; 0            ; |MUX8x16|MUX4x4:G9  ; MUX4x4      ; work         ;
+----------------------------+---------------------+---------------------------+-------------+--------------+---------+-----------+------+--------------+---------------------+-------------+--------------+
Note: For table entries with two numbers listed, the numbers in parentheses indicate the number of resources of the given type used by the specific entity alone. The numbers listed outside of parentheses indicate the total resources of the given type used by the specific entity and all of its sub-entities in the hierarchy.


+------------------------------------------------------+
; General Register Statistics                          ;
+----------------------------------------------+-------+
; Statistic                                    ; Value ;
+----------------------------------------------+-------+
; Total registers                              ; 0     ;
; Number of registers using Synchronous Clear  ; 0     ;
; Number of registers using Synchronous Load   ; 0     ;
; Number of registers using Asynchronous Clear ; 0     ;
; Number of registers using Asynchronous Load  ; 0     ;
; Number of registers using Clock Enable       ; 0     ;
; Number of registers using Preset             ; 0     ;
+----------------------------------------------+-------+


+------------------------------------------------------------------------------------------------------------------------------------------+
; Multiplexer Restructuring Statistics (Restructuring Performed)                                                                           ;
+--------------------+-----------+---------------+----------------------+------------------------+------------+----------------------------+
; Multiplexer Inputs ; Bus Width ; Baseline Area ; Area if Restructured ; Saving if Restructured ; Registered ; Example Multiplexer Output ;
+--------------------+-----------+---------------+----------------------+------------------------+------------+----------------------------+
; 4:1                ; 16 bits   ; 32 LEs        ; 32 LEs               ; 0 LEs                  ; No         ; |MUX8x16|MUX4x4:G9|Y[0]    ;
; 4:1                ; 32 bits   ; 64 LEs        ; 64 LEs               ; 0 LEs                  ; No         ; |MUX8x16|MUX4x4:G1|Y[0]    ;
+--------------------+-----------+---------------+----------------------+------------------------+------------+----------------------------+


+----------------------------------------+
; Port Connectivity Checks: "MUX4x4:G12" ;
+------+-------+----------+--------------+
; Port ; Type  ; Severity ; Details      ;
+------+-------+----------+--------------+
; x3   ; Input ; Info     ; Stuck at GND ;
; x4   ; Input ; Info     ; Stuck at GND ;
+------+-------+----------+--------------+


+----------------------------------------+
; Port Connectivity Checks: "MUX4x4:G11" ;
+------+-------+----------+--------------+
; Port ; Type  ; Severity ; Details      ;
+------+-------+----------+--------------+
; x3   ; Input ; Info     ; Stuck at GND ;
; x4   ; Input ; Info     ; Stuck at GND ;
+------+-------+----------+--------------+


+----------------------------------------+
; Port Connectivity Checks: "MUX4x4:G10" ;
+------+-------+----------+--------------+
; Port ; Type  ; Severity ; Details      ;
+------+-------+----------+--------------+
; x3   ; Input ; Info     ; Stuck at GND ;
; x4   ; Input ; Info     ; Stuck at GND ;
+------+-------+----------+--------------+


+----------------------------------------+
; Port Connectivity Checks: "MUX4x4:G9"  ;
+------+-------+----------+--------------+
; Port ; Type  ; Severity ; Details      ;
+------+-------+----------+--------------+
; x3   ; Input ; Info     ; Stuck at GND ;
; x4   ; Input ; Info     ; Stuck at GND ;
+------+-------+----------+--------------+


+-----------------------------------------------------+
; Post-Synthesis Netlist Statistics for Top Partition ;
+-----------------------+-----------------------------+
; Type                  ; Count                       ;
+-----------------------+-----------------------------+
; boundary_port         ; 147                         ;
; cycloneiii_lcell_comb ; 48                          ;
;     normal            ; 48                          ;
;         2 data inputs ; 16                          ;
;         4 data inputs ; 32                          ;
;                       ;                             ;
; Max LUT depth         ; 3.00                        ;
; Average LUT depth     ; 2.70                        ;
+-----------------------+-----------------------------+


+-------------------------------+
; Elapsed Time Per Partition    ;
+----------------+--------------+
; Partition Name ; Elapsed Time ;
+----------------+--------------+
; Top            ; 00:00:00     ;
+----------------+--------------+


+-------------------------------+
; Analysis & Synthesis Messages ;
+-------------------------------+
Info: *******************************************************************
Info: Running Quartus Prime Analysis & Synthesis
    Info: Version 18.0.0 Build 614 04/24/2018 SJ Standard Edition
    Info: Processing started: Tue Feb 21 17:45:08 2023
Info: Command: quartus_map --read_settings_files=on --write_settings_files=off Lab4 -c Lab4
Warning (18236): Number of processors has not been specified which may cause overloading on shared machines.  Set the global assignment NUM_PARALLEL_PROCESSORS in your QSF to an appropriate value for best performance.
Info (20030): Parallel compilation is enabled and will use 4 of the 4 processors detected
Info (12021): Found 2 design units, including 1 entities, in source file /users/lmjacklin/documents/github/ee443/lab 0/lab0_dcd3x8/dcd3x8.vhd
    Info (12022): Found design unit 1: DCD3x8-DCD3x8_BEHAVIORAL File: D:/Users/lmjacklin/Documents/GitHub/EE443/Lab 0/Lab0_DCD3x8/DCD3x8.vhd Line: 16
    Info (12023): Found entity 1: DCD3x8 File: D:/Users/lmjacklin/Documents/GitHub/EE443/Lab 0/Lab0_DCD3x8/DCD3x8.vhd Line: 10
Info (12021): Found 2 design units, including 1 entities, in source file /users/lmjacklin/documents/github/ee443/lab 0/lab0_reg8/reg16.vhd
    Info (12022): Found design unit 1: REG16-REG16_BEHAVIORAL File: D:/Users/lmjacklin/Documents/GitHub/EE443/Lab 0/Lab0_REG8/REG16.vhd Line: 17
    Info (12023): Found entity 1: REG16 File: D:/Users/lmjacklin/Documents/GitHub/EE443/Lab 0/Lab0_REG8/REG16.vhd Line: 10
Info (12021): Found 2 design units, including 1 entities, in source file /users/lmjacklin/documents/github/ee443/lab 0/lab0_reg8/reg8.vhd
    Info (12022): Found design unit 1: REG8-REG8_BEHAVIORAL File: D:/Users/lmjacklin/Documents/GitHub/EE443/Lab 0/Lab0_REG8/REG8.vhd Line: 20
    Info (12023): Found entity 1: REG8 File: D:/Users/lmjacklin/Documents/GitHub/EE443/Lab 0/Lab0_REG8/REG8.vhd Line: 10
Info (12021): Found 2 design units, including 1 entities, in source file mux4x4.vhd
    Info (12022): Found design unit 1: MUX4x4-MUX4x4_BEHAVIORAL File: D:/Users/lmjacklin/Documents/GitHub/EE443/Lab 4/Mux4x4.vhd Line: 16
    Info (12023): Found entity 1: MUX4x4 File: D:/Users/lmjacklin/Documents/GitHub/EE443/Lab 4/Mux4x4.vhd Line: 10
Info (12021): Found 2 design units, including 1 entities, in source file mux8x16.vhd
    Info (12022): Found design unit 1: MUX8x16-MUX8x16_BEHAVIORAL File: D:/Users/lmjacklin/Documents/GitHub/EE443/Lab 4/MUX8x16.vhd Line: 16
    Info (12023): Found entity 1: MUX8x16 File: D:/Users/lmjacklin/Documents/GitHub/EE443/Lab 4/MUX8x16.vhd Line: 10
Info (12021): Found 2 design units, including 1 entities, in source file reg8x16.vhd
    Info (12022): Found design unit 1: REG8x16-REG8x16_BEHAVIORAL File: D:/Users/lmjacklin/Documents/GitHub/EE443/Lab 4/REG8x16.vhd Line: 16
    Info (12023): Found entity 1: REG8x16 File: D:/Users/lmjacklin/Documents/GitHub/EE443/Lab 4/REG8x16.vhd Line: 10
Info (12127): Elaborating entity "MUX8x16" for the top level hierarchy
Info (12128): Elaborating entity "MUX4x4" for hierarchy "MUX4x4:G1" File: D:/Users/lmjacklin/Documents/GitHub/EE443/Lab 4/MUX8x16.vhd Line: 29
Warning (10492): VHDL Process Statement warning at Mux4x4.vhd(23): signal "x4" is read inside the Process Statement but isn't in the Process Statement's sensitivity list File: D:/Users/lmjacklin/Documents/GitHub/EE443/Lab 4/Mux4x4.vhd Line: 23
Warning (10492): VHDL Process Statement warning at Mux4x4.vhd(24): signal "x3" is read inside the Process Statement but isn't in the Process Statement's sensitivity list File: D:/Users/lmjacklin/Documents/GitHub/EE443/Lab 4/Mux4x4.vhd Line: 24
Warning (10492): VHDL Process Statement warning at Mux4x4.vhd(25): signal "x2" is read inside the Process Statement but isn't in the Process Statement's sensitivity list File: D:/Users/lmjacklin/Documents/GitHub/EE443/Lab 4/Mux4x4.vhd Line: 25
Warning (10492): VHDL Process Statement warning at Mux4x4.vhd(26): signal "x1" is read inside the Process Statement but isn't in the Process Statement's sensitivity list File: D:/Users/lmjacklin/Documents/GitHub/EE443/Lab 4/Mux4x4.vhd Line: 26
Warning (10631): VHDL Process Statement warning at Mux4x4.vhd(20): inferring latch(es) for signal or variable "Y", which holds its previous value in one or more paths through the process File: D:/Users/lmjacklin/Documents/GitHub/EE443/Lab 4/Mux4x4.vhd Line: 20
Info (10041): Inferred latch for "Y[0]" at Mux4x4.vhd(20) File: D:/Users/lmjacklin/Documents/GitHub/EE443/Lab 4/Mux4x4.vhd Line: 20
Info (10041): Inferred latch for "Y[1]" at Mux4x4.vhd(20) File: D:/Users/lmjacklin/Documents/GitHub/EE443/Lab 4/Mux4x4.vhd Line: 20
Info (10041): Inferred latch for "Y[2]" at Mux4x4.vhd(20) File: D:/Users/lmjacklin/Documents/GitHub/EE443/Lab 4/Mux4x4.vhd Line: 20
Info (10041): Inferred latch for "Y[3]" at Mux4x4.vhd(20) File: D:/Users/lmjacklin/Documents/GitHub/EE443/Lab 4/Mux4x4.vhd Line: 20
Warning (14026): LATCH primitive "MUX4x4:G9|Y[0]" is permanently enabled File: D:/Users/lmjacklin/Documents/GitHub/EE443/Lab 4/Mux4x4.vhd Line: 20
Warning (14026): LATCH primitive "MUX4x4:G9|Y[1]" is permanently enabled File: D:/Users/lmjacklin/Documents/GitHub/EE443/Lab 4/Mux4x4.vhd Line: 20
Warning (14026): LATCH primitive "MUX4x4:G9|Y[2]" is permanently enabled File: D:/Users/lmjacklin/Documents/GitHub/EE443/Lab 4/Mux4x4.vhd Line: 20
Warning (14026): LATCH primitive "MUX4x4:G9|Y[3]" is permanently enabled File: D:/Users/lmjacklin/Documents/GitHub/EE443/Lab 4/Mux4x4.vhd Line: 20
Warning (14026): LATCH primitive "MUX4x4:G10|Y[0]" is permanently enabled File: D:/Users/lmjacklin/Documents/GitHub/EE443/Lab 4/Mux4x4.vhd Line: 20
Warning (14026): LATCH primitive "MUX4x4:G10|Y[1]" is permanently enabled File: D:/Users/lmjacklin/Documents/GitHub/EE443/Lab 4/Mux4x4.vhd Line: 20
Warning (14026): LATCH primitive "MUX4x4:G10|Y[2]" is permanently enabled File: D:/Users/lmjacklin/Documents/GitHub/EE443/Lab 4/Mux4x4.vhd Line: 20
Warning (14026): LATCH primitive "MUX4x4:G10|Y[3]" is permanently enabled File: D:/Users/lmjacklin/Documents/GitHub/EE443/Lab 4/Mux4x4.vhd Line: 20
Warning (14026): LATCH primitive "MUX4x4:G11|Y[0]" is permanently enabled File: D:/Users/lmjacklin/Documents/GitHub/EE443/Lab 4/Mux4x4.vhd Line: 20
Warning (14026): LATCH primitive "MUX4x4:G11|Y[1]" is permanently enabled File: D:/Users/lmjacklin/Documents/GitHub/EE443/Lab 4/Mux4x4.vhd Line: 20
Warning (14026): LATCH primitive "MUX4x4:G11|Y[2]" is permanently enabled File: D:/Users/lmjacklin/Documents/GitHub/EE443/Lab 4/Mux4x4.vhd Line: 20
Warning (14026): LATCH primitive "MUX4x4:G11|Y[3]" is permanently enabled File: D:/Users/lmjacklin/Documents/GitHub/EE443/Lab 4/Mux4x4.vhd Line: 20
Warning (14026): LATCH primitive "MUX4x4:G12|Y[0]" is permanently enabled File: D:/Users/lmjacklin/Documents/GitHub/EE443/Lab 4/Mux4x4.vhd Line: 20
Warning (14026): LATCH primitive "MUX4x4:G12|Y[1]" is permanently enabled File: D:/Users/lmjacklin/Documents/GitHub/EE443/Lab 4/Mux4x4.vhd Line: 20
Warning (14026): LATCH primitive "MUX4x4:G12|Y[2]" is permanently enabled File: D:/Users/lmjacklin/Documents/GitHub/EE443/Lab 4/Mux4x4.vhd Line: 20
Warning (14026): LATCH primitive "MUX4x4:G12|Y[3]" is permanently enabled File: D:/Users/lmjacklin/Documents/GitHub/EE443/Lab 4/Mux4x4.vhd Line: 20
Warning (14026): LATCH primitive "MUX4x4:G1|Y[0]" is permanently enabled File: D:/Users/lmjacklin/Documents/GitHub/EE443/Lab 4/Mux4x4.vhd Line: 20
Warning (14026): LATCH primitive "MUX4x4:G5|Y[0]" is permanently enabled File: D:/Users/lmjacklin/Documents/GitHub/EE443/Lab 4/Mux4x4.vhd Line: 20
Warning (14026): LATCH primitive "MUX4x4:G1|Y[1]" is permanently enabled File: D:/Users/lmjacklin/Documents/GitHub/EE443/Lab 4/Mux4x4.vhd Line: 20
Warning (14026): LATCH primitive "MUX4x4:G5|Y[1]" is permanently enabled File: D:/Users/lmjacklin/Documents/GitHub/EE443/Lab 4/Mux4x4.vhd Line: 20
Warning (14026): LATCH primitive "MUX4x4:G1|Y[2]" is permanently enabled File: D:/Users/lmjacklin/Documents/GitHub/EE443/Lab 4/Mux4x4.vhd Line: 20
Warning (14026): LATCH primitive "MUX4x4:G5|Y[2]" is permanently enabled File: D:/Users/lmjacklin/Documents/GitHub/EE443/Lab 4/Mux4x4.vhd Line: 20
Warning (14026): LATCH primitive "MUX4x4:G1|Y[3]" is permanently enabled File: D:/Users/lmjacklin/Documents/GitHub/EE443/Lab 4/Mux4x4.vhd Line: 20
Warning (14026): LATCH primitive "MUX4x4:G5|Y[3]" is permanently enabled File: D:/Users/lmjacklin/Documents/GitHub/EE443/Lab 4/Mux4x4.vhd Line: 20
Warning (14026): LATCH primitive "MUX4x4:G2|Y[0]" is permanently enabled File: D:/Users/lmjacklin/Documents/GitHub/EE443/Lab 4/Mux4x4.vhd Line: 20
Warning (14026): LATCH primitive "MUX4x4:G6|Y[0]" is permanently enabled File: D:/Users/lmjacklin/Documents/GitHub/EE443/Lab 4/Mux4x4.vhd Line: 20
Warning (14026): LATCH primitive "MUX4x4:G2|Y[1]" is permanently enabled File: D:/Users/lmjacklin/Documents/GitHub/EE443/Lab 4/Mux4x4.vhd Line: 20
Warning (14026): LATCH primitive "MUX4x4:G6|Y[1]" is permanently enabled File: D:/Users/lmjacklin/Documents/GitHub/EE443/Lab 4/Mux4x4.vhd Line: 20
Warning (14026): LATCH primitive "MUX4x4:G2|Y[2]" is permanently enabled File: D:/Users/lmjacklin/Documents/GitHub/EE443/Lab 4/Mux4x4.vhd Line: 20
Warning (14026): LATCH primitive "MUX4x4:G6|Y[2]" is permanently enabled File: D:/Users/lmjacklin/Documents/GitHub/EE443/Lab 4/Mux4x4.vhd Line: 20
Warning (14026): LATCH primitive "MUX4x4:G2|Y[3]" is permanently enabled File: D:/Users/lmjacklin/Documents/GitHub/EE443/Lab 4/Mux4x4.vhd Line: 20
Warning (14026): LATCH primitive "MUX4x4:G6|Y[3]" is permanently enabled File: D:/Users/lmjacklin/Documents/GitHub/EE443/Lab 4/Mux4x4.vhd Line: 20
Warning (14026): LATCH primitive "MUX4x4:G3|Y[0]" is permanently enabled File: D:/Users/lmjacklin/Documents/GitHub/EE443/Lab 4/Mux4x4.vhd Line: 20
Warning (14026): LATCH primitive "MUX4x4:G7|Y[0]" is permanently enabled File: D:/Users/lmjacklin/Documents/GitHub/EE443/Lab 4/Mux4x4.vhd Line: 20
Warning (14026): LATCH primitive "MUX4x4:G3|Y[1]" is permanently enabled File: D:/Users/lmjacklin/Documents/GitHub/EE443/Lab 4/Mux4x4.vhd Line: 20
Warning (14026): LATCH primitive "MUX4x4:G7|Y[1]" is permanently enabled File: D:/Users/lmjacklin/Documents/GitHub/EE443/Lab 4/Mux4x4.vhd Line: 20
Warning (14026): LATCH primitive "MUX4x4:G3|Y[2]" is permanently enabled File: D:/Users/lmjacklin/Documents/GitHub/EE443/Lab 4/Mux4x4.vhd Line: 20
Warning (14026): LATCH primitive "MUX4x4:G7|Y[2]" is permanently enabled File: D:/Users/lmjacklin/Documents/GitHub/EE443/Lab 4/Mux4x4.vhd Line: 20
Warning (14026): LATCH primitive "MUX4x4:G3|Y[3]" is permanently enabled File: D:/Users/lmjacklin/Documents/GitHub/EE443/Lab 4/Mux4x4.vhd Line: 20
Warning (14026): LATCH primitive "MUX4x4:G7|Y[3]" is permanently enabled File: D:/Users/lmjacklin/Documents/GitHub/EE443/Lab 4/Mux4x4.vhd Line: 20
Warning (14026): LATCH primitive "MUX4x4:G4|Y[0]" is permanently enabled File: D:/Users/lmjacklin/Documents/GitHub/EE443/Lab 4/Mux4x4.vhd Line: 20
Warning (14026): LATCH primitive "MUX4x4:G8|Y[0]" is permanently enabled File: D:/Users/lmjacklin/Documents/GitHub/EE443/Lab 4/Mux4x4.vhd Line: 20
Warning (14026): LATCH primitive "MUX4x4:G4|Y[1]" is permanently enabled File: D:/Users/lmjacklin/Documents/GitHub/EE443/Lab 4/Mux4x4.vhd Line: 20
Warning (14026): LATCH primitive "MUX4x4:G8|Y[1]" is permanently enabled File: D:/Users/lmjacklin/Documents/GitHub/EE443/Lab 4/Mux4x4.vhd Line: 20
Warning (14026): LATCH primitive "MUX4x4:G4|Y[2]" is permanently enabled File: D:/Users/lmjacklin/Documents/GitHub/EE443/Lab 4/Mux4x4.vhd Line: 20
Warning (14026): LATCH primitive "MUX4x4:G8|Y[2]" is permanently enabled File: D:/Users/lmjacklin/Documents/GitHub/EE443/Lab 4/Mux4x4.vhd Line: 20
Warning (14026): LATCH primitive "MUX4x4:G4|Y[3]" is permanently enabled File: D:/Users/lmjacklin/Documents/GitHub/EE443/Lab 4/Mux4x4.vhd Line: 20
Warning (14026): LATCH primitive "MUX4x4:G8|Y[3]" is permanently enabled File: D:/Users/lmjacklin/Documents/GitHub/EE443/Lab 4/Mux4x4.vhd Line: 20
Info (286030): Timing-Driven Synthesis is running
Info (16010): Generating hard_block partition "hard_block:auto_generated_inst"
    Info (16011): Adding 0 node(s), including 0 DDIO, 0 PLL, 0 transceiver and 0 LCELL
Warning (21074): Design contains 64 input pin(s) that do not drive logic
    Warning (15610): No output dependent on input pin "I3[0]" File: D:/Users/lmjacklin/Documents/GitHub/EE443/Lab 4/MUX8x16.vhd Line: 11
    Warning (15610): No output dependent on input pin "I4[0]" File: D:/Users/lmjacklin/Documents/GitHub/EE443/Lab 4/MUX8x16.vhd Line: 11
    Warning (15610): No output dependent on input pin "I5[0]" File: D:/Users/lmjacklin/Documents/GitHub/EE443/Lab 4/MUX8x16.vhd Line: 11
    Warning (15610): No output dependent on input pin "I6[0]" File: D:/Users/lmjacklin/Documents/GitHub/EE443/Lab 4/MUX8x16.vhd Line: 11
    Warning (15610): No output dependent on input pin "I3[1]" File: D:/Users/lmjacklin/Documents/GitHub/EE443/Lab 4/MUX8x16.vhd Line: 11
    Warning (15610): No output dependent on input pin "I4[1]" File: D:/Users/lmjacklin/Documents/GitHub/EE443/Lab 4/MUX8x16.vhd Line: 11
    Warning (15610): No output dependent on input pin "I5[1]" File: D:/Users/lmjacklin/Documents/GitHub/EE443/Lab 4/MUX8x16.vhd Line: 11
    Warning (15610): No output dependent on input pin "I6[1]" File: D:/Users/lmjacklin/Documents/GitHub/EE443/Lab 4/MUX8x16.vhd Line: 11
    Warning (15610): No output dependent on input pin "I3[2]" File: D:/Users/lmjacklin/Documents/GitHub/EE443/Lab 4/MUX8x16.vhd Line: 11
    Warning (15610): No output dependent on input pin "I4[2]" File: D:/Users/lmjacklin/Documents/GitHub/EE443/Lab 4/MUX8x16.vhd Line: 11
    Warning (15610): No output dependent on input pin "I5[2]" File: D:/Users/lmjacklin/Documents/GitHub/EE443/Lab 4/MUX8x16.vhd Line: 11
    Warning (15610): No output dependent on input pin "I6[2]" File: D:/Users/lmjacklin/Documents/GitHub/EE443/Lab 4/MUX8x16.vhd Line: 11
    Warning (15610): No output dependent on input pin "I3[3]" File: D:/Users/lmjacklin/Documents/GitHub/EE443/Lab 4/MUX8x16.vhd Line: 11
    Warning (15610): No output dependent on input pin "I4[3]" File: D:/Users/lmjacklin/Documents/GitHub/EE443/Lab 4/MUX8x16.vhd Line: 11
    Warning (15610): No output dependent on input pin "I5[3]" File: D:/Users/lmjacklin/Documents/GitHub/EE443/Lab 4/MUX8x16.vhd Line: 11
    Warning (15610): No output dependent on input pin "I6[3]" File: D:/Users/lmjacklin/Documents/GitHub/EE443/Lab 4/MUX8x16.vhd Line: 11
    Warning (15610): No output dependent on input pin "I3[4]" File: D:/Users/lmjacklin/Documents/GitHub/EE443/Lab 4/MUX8x16.vhd Line: 11
    Warning (15610): No output dependent on input pin "I4[4]" File: D:/Users/lmjacklin/Documents/GitHub/EE443/Lab 4/MUX8x16.vhd Line: 11
    Warning (15610): No output dependent on input pin "I5[4]" File: D:/Users/lmjacklin/Documents/GitHub/EE443/Lab 4/MUX8x16.vhd Line: 11
    Warning (15610): No output dependent on input pin "I6[4]" File: D:/Users/lmjacklin/Documents/GitHub/EE443/Lab 4/MUX8x16.vhd Line: 11
    Warning (15610): No output dependent on input pin "I3[5]" File: D:/Users/lmjacklin/Documents/GitHub/EE443/Lab 4/MUX8x16.vhd Line: 11
    Warning (15610): No output dependent on input pin "I4[5]" File: D:/Users/lmjacklin/Documents/GitHub/EE443/Lab 4/MUX8x16.vhd Line: 11
    Warning (15610): No output dependent on input pin "I5[5]" File: D:/Users/lmjacklin/Documents/GitHub/EE443/Lab 4/MUX8x16.vhd Line: 11
    Warning (15610): No output dependent on input pin "I6[5]" File: D:/Users/lmjacklin/Documents/GitHub/EE443/Lab 4/MUX8x16.vhd Line: 11
    Warning (15610): No output dependent on input pin "I3[6]" File: D:/Users/lmjacklin/Documents/GitHub/EE443/Lab 4/MUX8x16.vhd Line: 11
    Warning (15610): No output dependent on input pin "I4[6]" File: D:/Users/lmjacklin/Documents/GitHub/EE443/Lab 4/MUX8x16.vhd Line: 11
    Warning (15610): No output dependent on input pin "I5[6]" File: D:/Users/lmjacklin/Documents/GitHub/EE443/Lab 4/MUX8x16.vhd Line: 11
    Warning (15610): No output dependent on input pin "I6[6]" File: D:/Users/lmjacklin/Documents/GitHub/EE443/Lab 4/MUX8x16.vhd Line: 11
    Warning (15610): No output dependent on input pin "I3[7]" File: D:/Users/lmjacklin/Documents/GitHub/EE443/Lab 4/MUX8x16.vhd Line: 11
    Warning (15610): No output dependent on input pin "I4[7]" File: D:/Users/lmjacklin/Documents/GitHub/EE443/Lab 4/MUX8x16.vhd Line: 11
    Warning (15610): No output dependent on input pin "I5[7]" File: D:/Users/lmjacklin/Documents/GitHub/EE443/Lab 4/MUX8x16.vhd Line: 11
    Warning (15610): No output dependent on input pin "I6[7]" File: D:/Users/lmjacklin/Documents/GitHub/EE443/Lab 4/MUX8x16.vhd Line: 11
    Warning (15610): No output dependent on input pin "I3[8]" File: D:/Users/lmjacklin/Documents/GitHub/EE443/Lab 4/MUX8x16.vhd Line: 11
    Warning (15610): No output dependent on input pin "I4[8]" File: D:/Users/lmjacklin/Documents/GitHub/EE443/Lab 4/MUX8x16.vhd Line: 11
    Warning (15610): No output dependent on input pin "I5[8]" File: D:/Users/lmjacklin/Documents/GitHub/EE443/Lab 4/MUX8x16.vhd Line: 11
    Warning (15610): No output dependent on input pin "I6[8]" File: D:/Users/lmjacklin/Documents/GitHub/EE443/Lab 4/MUX8x16.vhd Line: 11
    Warning (15610): No output dependent on input pin "I3[9]" File: D:/Users/lmjacklin/Documents/GitHub/EE443/Lab 4/MUX8x16.vhd Line: 11
    Warning (15610): No output dependent on input pin "I4[9]" File: D:/Users/lmjacklin/Documents/GitHub/EE443/Lab 4/MUX8x16.vhd Line: 11
    Warning (15610): No output dependent on input pin "I5[9]" File: D:/Users/lmjacklin/Documents/GitHub/EE443/Lab 4/MUX8x16.vhd Line: 11
    Warning (15610): No output dependent on input pin "I6[9]" File: D:/Users/lmjacklin/Documents/GitHub/EE443/Lab 4/MUX8x16.vhd Line: 11
    Warning (15610): No output dependent on input pin "I3[10]" File: D:/Users/lmjacklin/Documents/GitHub/EE443/Lab 4/MUX8x16.vhd Line: 11
    Warning (15610): No output dependent on input pin "I4[10]" File: D:/Users/lmjacklin/Documents/GitHub/EE443/Lab 4/MUX8x16.vhd Line: 11
    Warning (15610): No output dependent on input pin "I5[10]" File: D:/Users/lmjacklin/Documents/GitHub/EE443/Lab 4/MUX8x16.vhd Line: 11
    Warning (15610): No output dependent on input pin "I6[10]" File: D:/Users/lmjacklin/Documents/GitHub/EE443/Lab 4/MUX8x16.vhd Line: 11
    Warning (15610): No output dependent on input pin "I3[11]" File: D:/Users/lmjacklin/Documents/GitHub/EE443/Lab 4/MUX8x16.vhd Line: 11
    Warning (15610): No output dependent on input pin "I4[11]" File: D:/Users/lmjacklin/Documents/GitHub/EE443/Lab 4/MUX8x16.vhd Line: 11
    Warning (15610): No output dependent on input pin "I5[11]" File: D:/Users/lmjacklin/Documents/GitHub/EE443/Lab 4/MUX8x16.vhd Line: 11
    Warning (15610): No output dependent on input pin "I6[11]" File: D:/Users/lmjacklin/Documents/GitHub/EE443/Lab 4/MUX8x16.vhd Line: 11
    Warning (15610): No output dependent on input pin "I3[12]" File: D:/Users/lmjacklin/Documents/GitHub/EE443/Lab 4/MUX8x16.vhd Line: 11
    Warning (15610): No output dependent on input pin "I4[12]" File: D:/Users/lmjacklin/Documents/GitHub/EE443/Lab 4/MUX8x16.vhd Line: 11
    Warning (15610): No output dependent on input pin "I5[12]" File: D:/Users/lmjacklin/Documents/GitHub/EE443/Lab 4/MUX8x16.vhd Line: 11
    Warning (15610): No output dependent on input pin "I6[12]" File: D:/Users/lmjacklin/Documents/GitHub/EE443/Lab 4/MUX8x16.vhd Line: 11
    Warning (15610): No output dependent on input pin "I3[13]" File: D:/Users/lmjacklin/Documents/GitHub/EE443/Lab 4/MUX8x16.vhd Line: 11
    Warning (15610): No output dependent on input pin "I4[13]" File: D:/Users/lmjacklin/Documents/GitHub/EE443/Lab 4/MUX8x16.vhd Line: 11
    Warning (15610): No output dependent on input pin "I5[13]" File: D:/Users/lmjacklin/Documents/GitHub/EE443/Lab 4/MUX8x16.vhd Line: 11
    Warning (15610): No output dependent on input pin "I6[13]" File: D:/Users/lmjacklin/Documents/GitHub/EE443/Lab 4/MUX8x16.vhd Line: 11
    Warning (15610): No output dependent on input pin "I3[14]" File: D:/Users/lmjacklin/Documents/GitHub/EE443/Lab 4/MUX8x16.vhd Line: 11
    Warning (15610): No output dependent on input pin "I4[14]" File: D:/Users/lmjacklin/Documents/GitHub/EE443/Lab 4/MUX8x16.vhd Line: 11
    Warning (15610): No output dependent on input pin "I5[14]" File: D:/Users/lmjacklin/Documents/GitHub/EE443/Lab 4/MUX8x16.vhd Line: 11
    Warning (15610): No output dependent on input pin "I6[14]" File: D:/Users/lmjacklin/Documents/GitHub/EE443/Lab 4/MUX8x16.vhd Line: 11
    Warning (15610): No output dependent on input pin "I3[15]" File: D:/Users/lmjacklin/Documents/GitHub/EE443/Lab 4/MUX8x16.vhd Line: 11
    Warning (15610): No output dependent on input pin "I4[15]" File: D:/Users/lmjacklin/Documents/GitHub/EE443/Lab 4/MUX8x16.vhd Line: 11
    Warning (15610): No output dependent on input pin "I5[15]" File: D:/Users/lmjacklin/Documents/GitHub/EE443/Lab 4/MUX8x16.vhd Line: 11
    Warning (15610): No output dependent on input pin "I6[15]" File: D:/Users/lmjacklin/Documents/GitHub/EE443/Lab 4/MUX8x16.vhd Line: 11
Info (21057): Implemented 195 device resources after synthesis - the final resource count might be different
    Info (21058): Implemented 131 input pins
    Info (21059): Implemented 16 output pins
    Info (21061): Implemented 48 logic cells
Info: Quartus Prime Analysis & Synthesis was successful. 0 errors, 119 warnings
    Info: Peak virtual memory: 4792 megabytes
    Info: Processing ended: Tue Feb 21 17:45:18 2023
    Info: Elapsed time: 00:00:10
    Info: Total CPU time (on all processors): 00:00:20


